2024-03-09 21:02:48:782 | 36ca5a40-b854-462c-b84f-a74ee0ac01dc | ::1 | - | - | PostmanRuntime/7.36.3 | GET | /students | 200 | - | {"success":true,"message":"Get Students"} | 7.482 ms | 41
2024-03-09 21:03:37:208 | 50a81f7c-aa48-401c-bed5-714e1c98361c | ::1 | - | - | PostmanRuntime/7.36.3 | GET | /students | 200 | - | {"success":true,"message":"Get Students"} | 9.073 ms | 41
2024-03-09 21:05:29:923 | c2665539-66c8-49c1-aff3-84e047c067f5 | ::1 | - | - | PostmanRuntime/7.36.3 | GET | /students | 500 | - | - | 3.082 ms | -
2024-03-09 21:06:04:684 | 566723ae-6f26-4deb-9a04-b620611605cb | ::1 | - | - | PostmanRuntime/7.36.3 | GET | /students | 500 | - | - | 3.045 ms | -
2024-03-09 21:06:12:610 | 95931ada-1cfe-4536-a6dd-5b57de0a855b | ::1 | - | - | PostmanRuntime/7.36.3 | GET | /students | 200 | - | {"success":true,"message":"Get Students"} | 8.348 ms | 41
2024-03-09 21:07:57:417 | 5d4094b0-a8ab-4b88-b161-5385cb51dd2d | ::1 | - | - | PostmanRuntime/7.36.3 | GET | /students | 500 | - | - | 3.982 ms | -
2024-03-09 21:08:10:593 | 223bc7db-4676-4dd4-9ac9-f5b210e9d19f | ::1 | - | - | PostmanRuntime/7.36.3 | GET | /students | 200 | - | {"success":true,"message":"Get Students"} | 10.127 ms | 41
2024-03-10 05:09:42:776 | 657d4af9-3d61-4717-a0eb-16d0062823ca | ::1 | - | - | PostmanRuntime/7.36.3 | GET | /generateIdCards | 500 | - | - | 3.695 ms | -
2024-03-10 05:10:30:589 | 23a9c26f-0552-4875-ba9b-3943c3105555 | ::1 | - | - | PostmanRuntime/7.36.3 | GET | /generateIdCards | 200 | - | {"success":true,"message":"Get Students"} | 4.665 ms | 41
2024-03-10 05:11:14:210 | 6f4acb55-8f18-409d-ac8e-d0069f618144 | ::1 | - | - | PostmanRuntime/7.36.3 | GET | /generateIdCards | 200 | - | {"success":true,"message":"Get Students"} | 4.308 ms | 41
2024-03-10 05:11:18:270 | ee03b290-4611-4a57-bdef-39384769fa14 | ::1 | - | - | PostmanRuntime/7.36.3 | GET | /generateIdCards | 200 | - | {"success":true,"message":"Get Students"} | 2.713 ms | 41
2024-03-10 05:14:10:534 | 7b37c11c-d402-4e35-b4c4-ddbe15a5f9ea | ::1 | - | - | PostmanRuntime/7.36.3 | GET | /generateIdCards | 200 | - | {"success":true,"message":"Get Students"} | 9800.200 ms | 41
2024-03-10 05:14:57:770 | 818a0112-c8ee-4136-b7be-731bd12e6f4b | ::1 | - | - | PostmanRuntime/7.36.3 | GET | /generateIdCards | 200 | - | {"success":true,"message":"Get Students"} | 5999.941 ms | 41
2024-03-10 05:32:03:523 | 1339297c-7bec-4f69-a20c-6454b5c61bb9 | ::1 | - | - | PostmanRuntime/7.36.3 | GET | /generateIdCards | 200 | - | {"success":true,"message":"Get Students"} | 475074.154 ms | 41
2024-03-10 05:32:59:633 | 1e8a3287-e245-47ce-b160-5b1405b1b867 | ::1 | - | - | PostmanRuntime/7.36.3 | GET | /generateIdCards | 200 | - | {"success":true,"message":"Get Students"} | 11289.557 ms | 41
2024-03-10 05:34:23:114 | 973e77b2-58e2-4cb3-91bd-82881f795309 | ::1 | - | - | PostmanRuntime/7.36.3 | GET | /generateIdCards | 200 | - | {"success":true,"message":"Get Students"} | 11510.902 ms | 41
2024-03-10 05:34:58:166 | b88f699b-90db-464e-9ac6-bb47bc807f44 | ::1 | - | - | PostmanRuntime/7.36.3 | GET | /generateIdCards | 200 | - | {"success":true,"message":"Get Students"} | 104.991 ms | 41
2024-03-10 05:36:34:578 | ee185e17-d682-4454-83de-c9317c44934c | ::1 | - | - | PostmanRuntime/7.36.3 | GET | /generateIdCards | 200 | - | {"success":true,"message":"Get Students"} | 108.164 ms | 41
2024-03-10 07:37:30:448 | ffa42a10-5552-4244-9749-065d353b5fcb | ::1 | - | - | PostmanRuntime/7.36.3 | GET | /generateIdCards | 200 | - | {"success":true,"message":"Get Students"} | 30596.434 ms | 41
2024-03-10 07:51:06:603 | 7556c834-e838-486e-a341-13659b018231 | ::1 | - | - | PostmanRuntime/7.36.3 | GET | /generateIdCards | 200 | - | {"success":true,"message":"PDF Generated Successfully"} | 6555.118 ms | 55
2024-03-10 07:55:20:402 | 3c76acc3-b1cc-4eb2-a3ab-ce2566e57102 | ::1 | - | - | PostmanRuntime/7.36.3 | GET | /generateIdCards | 200 | - | {"success":true,"message":"PDF Generated Successfully"} | 4840.244 ms | 55
2024-03-10 07:56:08:924 | b60108c5-323b-40c2-b318-4602cd8b294c | ::1 | - | - | PostmanRuntime/7.36.3 | GET | /generateIdCards | 200 | - | {"success":true,"message":"PDF Generated Successfully"} | 111.103 ms | 55
2024-03-10 07:57:05:779 | f2a81b64-3f0a-4bee-80eb-358b7d54660b | ::1 | - | - | PostmanRuntime/7.36.3 | GET | /generateIdCards | 200 | - | {"success":true,"message":"PDF Generated Successfully"} | 21619.055 ms | 55
2024-03-10 07:59:58:412 | 8b622bb8-d606-487c-8928-3801113cd3b5 | ::1 | - | - | PostmanRuntime/7.36.3 | GET | /generateIdCards | 200 | - | {"success":true,"message":"PDF Generated Successfully"} | 17035.342 ms | 55
2024-03-10 08:02:00:821 | a15682c3-5cde-4382-8f0f-c7deedf997b0 | ::1 | - | - | PostmanRuntime/7.36.3 | GET | /generateIdCards | 200 | - | {"success":true,"message":"PDF Generated Successfully"} | 4613.092 ms | 55
2024-03-10 08:03:03:785 | ee18792a-087e-4071-a361-ba92e9f58b03 | ::1 | - | - | PostmanRuntime/7.36.3 | GET | /generateIdCards | 200 | - | {"success":true,"message":"PDF Generated Successfully"} | 4526.765 ms | 55
2024-03-10 08:03:34:285 | 8780edb6-b727-4a9e-956a-27deeffd811d | ::1 | - | - | PostmanRuntime/7.36.3 | GET | /generateIdCards | 200 | - | {"success":true,"message":"PDF Generated Successfully"} | 9449.265 ms | 55
2024-03-10 08:06:08:623 | 16615c0d-c475-41fd-bc46-a6028aebdbf9 | ::1 | - | - | PostmanRuntime/7.36.3 | GET | /generateIdCards | 200 | - | {"success":true,"message":"PDF Generated Successfully"} | 5358.688 ms | 55
2024-03-10 08:06:45:932 | 3b44ca97-c4f0-4b17-97cd-30e81613a32d | ::1 | - | - | PostmanRuntime/7.36.3 | GET | /generateIdCards | 200 | - | {"success":true,"message":"PDF Generated Successfully"} | 2401.586 ms | 55
2024-03-10 08:06:59:381 | 5d57d77c-3da6-43b0-aeaf-122ac269fb2b | ::1 | - | - | PostmanRuntime/7.36.3 | GET | /generateIdCards | 200 | - | {"success":true,"message":"PDF Generated Successfully"} | 76.097 ms | 55
2024-03-10 08:07:14:493 | d4677a01-6758-4652-931b-b7e2566bc5ff | ::1 | - | - | PostmanRuntime/7.36.3 | GET | /generateIdCards | 200 | - | {"success":true,"message":"PDF Generated Successfully"} | 4825.596 ms | 55
2024-03-10 08:11:30:546 | 32fa49a6-abf1-45d6-8721-2d5e37908343 | ::1 | - | - | PostmanRuntime/7.36.3 | GET | /generateIdCards | 200 | - | {"success":true,"message":"PDF Generated Successfully"} | 18299.286 ms | 55
2024-03-10 08:11:58:998 | c7df3028-25d5-4d85-9721-21c6eda04ebc | ::1 | - | - | PostmanRuntime/7.36.3 | GET | /generateIdCards | 200 | - | {"success":true,"message":"PDF Generated Successfully"} | 16590.902 ms | 55
2024-03-10 08:12:07:096 | 6baa1e86-0378-4b86-9198-b2b54f7d2f6b | ::1 | - | - | PostmanRuntime/7.36.3 | GET | /generateIdCards | 200 | - | {"success":true,"message":"PDF Generated Successfully"} | 5813.165 ms | 55
2024-03-10 08:13:33:964 | 99e87848-4cc7-4a0a-828c-dfd4922f635a | ::1 | - | - | PostmanRuntime/7.36.3 | GET | /generateIdCards | 200 | - | {"success":true,"message":"PDF Generated Successfully"} | 4010.676 ms | 55
2024-03-10 08:15:08:608 | 88ba8ae3-c79b-418b-a6ce-d2a796535029 | ::1 | - | - | PostmanRuntime/7.36.3 | GET | /generateIdCards | 200 | - | {"success":true,"message":"Pdf Generated Successfully","data":{"outputFilepath":"downloads/student_cards.pdf"}} | 1839.260 ms | 111
2024-03-10 08:17:17:903 | dd5d3cb7-f3dd-4410-a074-b9334eb7aec8 | ::1 | - | - | PostmanRuntime/7.36.3 | GET | /generateIdCards | 200 | - | {"success":true,"message":"Pdf Generated Successfully","data":{"outputFilepath":"/Users/atulnt/Node/atul-assignment/service/../downloads/student_cards.pdf"}} | 9182.078 ms | 157
2024-03-10 08:18:10:560 | e8578234-f722-494f-b48d-f26c508eea64 | ::1 | - | - | PostmanRuntime/7.36.3 | GET | /generateIdCards | 200 | - | {"success":true,"message":"Pdf Generated Successfully","data":{"outputFilepath":"/Users/atulnt/Node/atul-assignment/service/../downloads/student_cards.pdf"}} | 2516.002 ms | 157
2024-03-10 08:20:31:968 | b875110e-eb19-4079-ba7c-94a95da276d8 | ::1 | - | - | PostmanRuntime/7.36.3 | GET | /generateIdCards | 200 | - | {"success":true,"message":"Pdf Generated Successfully","data":{"outputFilepath":"/Users/atulnt/Node/atul-assignment/service/../downloads/student_cards.pdf"}} | 2768.226 ms | 157
2024-03-10 08:23:55:491 | 12a38aab-fbbb-46c1-8385-772785733dee | ::1 | - | - | PostmanRuntime/7.36.3 | GET | /generateIdCardsSync | 200 | - | {"success":true,"message":"Pdf Generated Successfully","data":{"outputFilepath":"/Users/atulnt/Node/atul-assignment/service/../downloads/student_cards.pdf"}} | 5898.007 ms | 157
2024-03-10 08:24:04:739 | 26a65e95-2807-4a67-8584-d23adc5d8e43 | ::1 | - | - | PostmanRuntime/7.36.3 | GET | /generateIdCardsAsync | 200 | - | {"success":true,"message":"Pdf Generated Successfully","data":{"outputFilepath":"/Users/atulnt/Node/atul-assignment/service/../downloads/student_cards.pdf"}} | 67.723 ms | 157
2024-03-10 08:28:43:625 | 565ac004-bab1-4e3a-a398-f824a8d0d23d | ::1 | - | - | PostmanRuntime/7.36.3 | GET | /generateIdCardsAsync | 200 | - | {"success":true,"message":"Pdf Generated Successfully","data":{"outputFilepath":"/Users/atulnt/Node/atul-assignment/service/../downloads/student_cards.pdf"}} | 106.660 ms | 157
2024-03-10 08:28:55:713 | 57bfef5c-82b2-4cf2-a13c-77a4a32566b9 | ::1 | - | - | PostmanRuntime/7.36.3 | GET | /generateIdCardsAsync | 200 | - | {"success":true,"message":"Pdf Generated Successfully","data":{"outputFilepath":"/Users/atulnt/Node/atul-assignment/service/../downloads/student_cards.pdf"}} | 82.658 ms | 157
2024-03-10 08:29:21:545 | b7b1da67-fbbe-448e-afc4-86ef62cd5c74 | ::1 | - | - | PostmanRuntime/7.36.3 | GET | /generateIdCardsSync | 200 | - | {"success":true,"message":"Pdf Generated Successfully","data":{"outputFilepath":"/Users/atulnt/Node/atul-assignment/service/../downloads/student_cards.pdf"}} | 82.240 ms | 157
2024-03-10 08:29:30:874 | abf360be-7f47-4c53-b1d8-fc1d63fc71dd | ::1 | - | - | PostmanRuntime/7.36.3 | GET | /generateIdCardsSync | 200 | - | {"success":true,"message":"Pdf Generated Successfully","data":{"outputFilepath":"/Users/atulnt/Node/atul-assignment/service/../downloads/student_cards.pdf"}} | 63.774 ms | 157
2024-03-10 08:29:31:945 | d78f9b91-2f60-47c1-b9fe-60c2c69d356f | ::1 | - | - | PostmanRuntime/7.36.3 | GET | /generateIdCardsSync | 200 | - | {"success":true,"message":"Pdf Generated Successfully","data":{"outputFilepath":"/Users/atulnt/Node/atul-assignment/service/../downloads/student_cards.pdf"}} | 50.959 ms | 157
2024-03-10 08:29:32:677 | 7c6e867d-baf5-42d1-8fa7-64d748fe7de1 | ::1 | - | - | PostmanRuntime/7.36.3 | GET | /generateIdCardsSync | 200 | - | {"success":true,"message":"Pdf Generated Successfully","data":{"outputFilepath":"/Users/atulnt/Node/atul-assignment/service/../downloads/student_cards.pdf"}} | 50.552 ms | 157
2024-03-10 08:29:33:261 | 4af7eece-93a1-4b44-90a0-11c1c16d3c09 | ::1 | - | - | PostmanRuntime/7.36.3 | GET | /generateIdCardsSync | 200 | - | {"success":true,"message":"Pdf Generated Successfully","data":{"outputFilepath":"/Users/atulnt/Node/atul-assignment/service/../downloads/student_cards.pdf"}} | 42.086 ms | 157
2024-03-10 08:29:33:845 | b4c55fbe-5568-4e6e-b6cd-fa073dc3667f | ::1 | - | - | PostmanRuntime/7.36.3 | GET | /generateIdCardsSync | 200 | - | {"success":true,"message":"Pdf Generated Successfully","data":{"outputFilepath":"/Users/atulnt/Node/atul-assignment/service/../downloads/student_cards.pdf"}} | 41.328 ms | 157
2024-03-10 08:29:34:462 | 4dc12438-5d74-45ff-85ac-8a81df555d10 | ::1 | - | - | PostmanRuntime/7.36.3 | GET | /generateIdCardsSync | 200 | - | {"success":true,"message":"Pdf Generated Successfully","data":{"outputFilepath":"/Users/atulnt/Node/atul-assignment/service/../downloads/student_cards.pdf"}} | 75.760 ms | 157
2024-03-10 08:29:35:118 | b3bd86d6-3cf5-4c0b-989e-4870a7d6bfac | ::1 | - | - | PostmanRuntime/7.36.3 | GET | /generateIdCardsSync | 200 | - | {"success":true,"message":"Pdf Generated Successfully","data":{"outputFilepath":"/Users/atulnt/Node/atul-assignment/service/../downloads/student_cards.pdf"}} | 42.022 ms | 157
2024-03-10 08:29:36:441 | fea8ebfc-5ebe-4670-978d-8685a590fad0 | ::1 | - | - | PostmanRuntime/7.36.3 | GET | /generateIdCardsSync | 200 | - | {"success":true,"message":"Pdf Generated Successfully","data":{"outputFilepath":"/Users/atulnt/Node/atul-assignment/service/../downloads/student_cards.pdf"}} | 40.956 ms | 157
2024-03-10 08:29:38:769 | d108972e-de8a-4e7e-bb93-b06ece244b87 | ::1 | - | - | PostmanRuntime/7.36.3 | GET | /generateIdCardsAsync | 200 | - | {"success":true,"message":"Pdf Generated Successfully","data":{"outputFilepath":"/Users/atulnt/Node/atul-assignment/service/../downloads/student_cards.pdf"}} | 40.554 ms | 157
2024-03-10 08:29:57:047 | a4149dbb-249b-4f52-98e9-e43cf836940f | ::1 | - | - | PostmanRuntime/7.36.3 | GET | /generateIdCardsAsync | 200 | - | {"success":true,"message":"Pdf Generated Successfully","data":{"outputFilepath":"/Users/atulnt/Node/atul-assignment/service/../downloads/student_cards.pdf"}} | 2244.021 ms | 157
2024-03-10 08:30:03:597 | b0b5a6ff-c3a2-4d14-adc0-39f33bc7eaad | ::1 | - | - | PostmanRuntime/7.36.3 | GET | /generateIdCardsSync | 200 | - | {"success":true,"message":"Pdf Generated Successfully","data":{"outputFilepath":"/Users/atulnt/Node/atul-assignment/service/../downloads/student_cards.pdf"}} | 2123.649 ms | 157
2024-03-10 08:31:44:661 | 8d6e2b55-6c2c-4832-bbdc-696cfa662578 | ::1 | - | - | PostmanRuntime/7.36.3 | GET | /generateIdCardsSync | 200 | - | {"success":true,"message":"Pdf Generated Successfully","data":{"outputFilepath":"/Users/atulnt/Node/atul-assignment/service/../downloads/student_cards.pdf"}} | 66.702 ms | 157
2024-03-10 08:31:48:249 | 2c0d2c51-e188-4df6-ab19-441a345aade6 | ::1 | - | - | PostmanRuntime/7.36.3 | GET | /generateIdCardsAsync | 200 | - | {"success":true,"message":"Pdf Generated Successfully","data":{"outputFilepath":"/Users/atulnt/Node/atul-assignment/service/../downloads/student_cards.pdf"}} | 56.666 ms | 157
2024-03-10 08:31:49:889 | 2113320e-26d0-48f6-b7fc-404d3beaf191 | ::1 | - | - | PostmanRuntime/7.36.3 | GET | /generateIdCardsAsync | 200 | - | {"success":true,"message":"Pdf Generated Successfully","data":{"outputFilepath":"/Users/atulnt/Node/atul-assignment/service/../downloads/student_cards.pdf"}} | 41.472 ms | 157
2024-03-10 08:31:50:504 | 8a66b27f-6173-4e25-8a7f-e38b6436c9ae | ::1 | - | - | PostmanRuntime/7.36.3 | GET | /generateIdCardsAsync | 200 | - | {"success":true,"message":"Pdf Generated Successfully","data":{"outputFilepath":"/Users/atulnt/Node/atul-assignment/service/../downloads/student_cards.pdf"}} | 48.181 ms | 157
2024-03-10 08:31:51:124 | e537a0de-7af5-44e0-9076-1c345648bc62 | ::1 | - | - | PostmanRuntime/7.36.3 | GET | /generateIdCardsAsync | 200 | - | {"success":true,"message":"Pdf Generated Successfully","data":{"outputFilepath":"/Users/atulnt/Node/atul-assignment/service/../downloads/student_cards.pdf"}} | 37.552 ms | 157
2024-03-10 08:31:51:997 | 94ae3386-78b8-4a99-bf4a-bbdc4d0fb8dc | ::1 | - | - | PostmanRuntime/7.36.3 | GET | /generateIdCardsAsync | 200 | - | {"success":true,"message":"Pdf Generated Successfully","data":{"outputFilepath":"/Users/atulnt/Node/atul-assignment/service/../downloads/student_cards.pdf"}} | 39.644 ms | 157
2024-03-10 08:31:52:594 | 42754a65-91d4-4549-9b84-2cb7460ee1a7 | ::1 | - | - | PostmanRuntime/7.36.3 | GET | /generateIdCardsAsync | 200 | - | {"success":true,"message":"Pdf Generated Successfully","data":{"outputFilepath":"/Users/atulnt/Node/atul-assignment/service/../downloads/student_cards.pdf"}} | 40.645 ms | 157
2024-03-10 08:31:53:134 | d3af42db-31ef-40d9-806c-1ab2fa0a0e45 | ::1 | - | - | PostmanRuntime/7.36.3 | GET | /generateIdCardsAsync | 200 | - | {"success":true,"message":"Pdf Generated Successfully","data":{"outputFilepath":"/Users/atulnt/Node/atul-assignment/service/../downloads/student_cards.pdf"}} | 38.800 ms | 157
2024-03-10 08:31:53:568 | 78694fa7-be73-496f-8c7a-08cebbd2b36a | ::1 | - | - | PostmanRuntime/7.36.3 | GET | /generateIdCardsAsync | 200 | - | {"success":true,"message":"Pdf Generated Successfully","data":{"outputFilepath":"/Users/atulnt/Node/atul-assignment/service/../downloads/student_cards.pdf"}} | 53.016 ms | 157
2024-03-10 08:31:54:132 | 63b3cbfb-d81c-4a37-a4ac-f59a5c28dc5a | ::1 | - | - | PostmanRuntime/7.36.3 | GET | /generateIdCardsAsync | 200 | - | {"success":true,"message":"Pdf Generated Successfully","data":{"outputFilepath":"/Users/atulnt/Node/atul-assignment/service/../downloads/student_cards.pdf"}} | 38.763 ms | 157
2024-03-10 08:31:54:652 | bd932630-4a88-471d-abf0-38dca90090f6 | ::1 | - | - | PostmanRuntime/7.36.3 | GET | /generateIdCardsAsync | 200 | - | {"success":true,"message":"Pdf Generated Successfully","data":{"outputFilepath":"/Users/atulnt/Node/atul-assignment/service/../downloads/student_cards.pdf"}} | 36.950 ms | 157
2024-03-10 08:31:57:640 | 10de101b-a203-4221-a5d6-fb10445772d4 | ::1 | - | - | PostmanRuntime/7.36.3 | GET | /generateIdCardsSync | 200 | - | {"success":true,"message":"Pdf Generated Successfully","data":{"outputFilepath":"/Users/atulnt/Node/atul-assignment/service/../downloads/student_cards.pdf"}} | 39.243 ms | 157
2024-03-10 08:31:58:240 | 91432a9c-856a-4cc2-88b0-dd6621c56b0b | ::1 | - | - | PostmanRuntime/7.36.3 | GET | /generateIdCardsSync | 200 | - | {"success":true,"message":"Pdf Generated Successfully","data":{"outputFilepath":"/Users/atulnt/Node/atul-assignment/service/../downloads/student_cards.pdf"}} | 35.677 ms | 157
2024-03-10 08:31:58:937 | 9d2370e2-938e-431c-9f66-32a4df2ae5aa | ::1 | - | - | PostmanRuntime/7.36.3 | GET | /generateIdCardsSync | 200 | - | {"success":true,"message":"Pdf Generated Successfully","data":{"outputFilepath":"/Users/atulnt/Node/atul-assignment/service/../downloads/student_cards.pdf"}} | 35.396 ms | 157
2024-03-10 08:31:59:557 | fd0fa7f0-2ee0-4914-9fad-4f28fe259cec | ::1 | - | - | PostmanRuntime/7.36.3 | GET | /generateIdCardsSync | 200 | - | {"success":true,"message":"Pdf Generated Successfully","data":{"outputFilepath":"/Users/atulnt/Node/atul-assignment/service/../downloads/student_cards.pdf"}} | 43.633 ms | 157
2024-03-10 08:32:00:105 | ed11f826-8119-40c6-b7cd-22002ad8eb27 | ::1 | - | - | PostmanRuntime/7.36.3 | GET | /generateIdCardsSync | 200 | - | {"success":true,"message":"Pdf Generated Successfully","data":{"outputFilepath":"/Users/atulnt/Node/atul-assignment/service/../downloads/student_cards.pdf"}} | 37.076 ms | 157
2024-03-10 08:32:00:606 | f9a1c050-16de-45c0-baae-e4f7e5b81a41 | ::1 | - | - | PostmanRuntime/7.36.3 | GET | /generateIdCardsSync | 200 | - | {"success":true,"message":"Pdf Generated Successfully","data":{"outputFilepath":"/Users/atulnt/Node/atul-assignment/service/../downloads/student_cards.pdf"}} | 36.232 ms | 157
2024-03-10 08:32:01:043 | d7b951d7-e332-4d6a-850c-429b8e606999 | ::1 | - | - | PostmanRuntime/7.36.3 | GET | /generateIdCardsSync | 200 | - | {"success":true,"message":"Pdf Generated Successfully","data":{"outputFilepath":"/Users/atulnt/Node/atul-assignment/service/../downloads/student_cards.pdf"}} | 38.231 ms | 157
2024-03-10 08:32:01:568 | e72cb0ab-2bb8-45ae-9b85-2d439b7404c0 | ::1 | - | - | PostmanRuntime/7.36.3 | GET | /generateIdCardsSync | 200 | - | {"success":true,"message":"Pdf Generated Successfully","data":{"outputFilepath":"/Users/atulnt/Node/atul-assignment/service/../downloads/student_cards.pdf"}} | 38.000 ms | 157
2024-03-10 08:32:02:038 | 4a9970b6-1082-457f-8f12-f50aaca4a8b9 | ::1 | - | - | PostmanRuntime/7.36.3 | GET | /generateIdCardsSync | 200 | - | {"success":true,"message":"Pdf Generated Successfully","data":{"outputFilepath":"/Users/atulnt/Node/atul-assignment/service/../downloads/student_cards.pdf"}} | 40.393 ms | 157
2024-03-10 08:32:02:568 | f6955c9a-e761-484f-989a-f9c025a0bd0d | ::1 | - | - | PostmanRuntime/7.36.3 | GET | /generateIdCardsSync | 200 | - | {"success":true,"message":"Pdf Generated Successfully","data":{"outputFilepath":"/Users/atulnt/Node/atul-assignment/service/../downloads/student_cards.pdf"}} | 41.214 ms | 157
2024-03-10 08:32:03:001 | f85a3dfb-7284-4992-bf7d-a74f67c2c4f2 | ::1 | - | - | PostmanRuntime/7.36.3 | GET | /generateIdCardsSync | 200 | - | {"success":true,"message":"Pdf Generated Successfully","data":{"outputFilepath":"/Users/atulnt/Node/atul-assignment/service/../downloads/student_cards.pdf"}} | 34.299 ms | 157
2024-03-10 08:32:03:484 | c0b7150a-b0ef-4be6-8fe0-4f1645f7953f | ::1 | - | - | PostmanRuntime/7.36.3 | GET | /generateIdCardsSync | 200 | - | {"success":true,"message":"Pdf Generated Successfully","data":{"outputFilepath":"/Users/atulnt/Node/atul-assignment/service/../downloads/student_cards.pdf"}} | 49.662 ms | 157
2024-03-10 08:32:03:924 | eb6ac614-d977-43c1-b446-ab46b74548a1 | ::1 | - | - | PostmanRuntime/7.36.3 | GET | /generateIdCardsSync | 200 | - | {"success":true,"message":"Pdf Generated Successfully","data":{"outputFilepath":"/Users/atulnt/Node/atul-assignment/service/../downloads/student_cards.pdf"}} | 36.332 ms | 157
2024-03-10 08:32:04:487 | 12c8e46a-7501-4cfb-bc23-0a6bd8220945 | ::1 | - | - | PostmanRuntime/7.36.3 | GET | /generateIdCardsSync | 200 | - | {"success":true,"message":"Pdf Generated Successfully","data":{"outputFilepath":"/Users/atulnt/Node/atul-assignment/service/../downloads/student_cards.pdf"}} | 35.114 ms | 157
2024-03-10 08:32:08:550 | 3610bb75-9467-47a4-851a-2d6819b2444d | ::1 | - | - | PostmanRuntime/7.36.3 | GET | /generateIdCardsAsync | 200 | - | {"success":true,"message":"Pdf Generated Successfully","data":{"outputFilepath":"/Users/atulnt/Node/atul-assignment/service/../downloads/student_cards.pdf"}} | 41.304 ms | 157
2024-03-10 08:32:09:160 | e486ee8c-2ae2-40ac-a185-6e19da7bcbe9 | ::1 | - | - | PostmanRuntime/7.36.3 | GET | /generateIdCardsAsync | 200 | - | {"success":true,"message":"Pdf Generated Successfully","data":{"outputFilepath":"/Users/atulnt/Node/atul-assignment/service/../downloads/student_cards.pdf"}} | 36.001 ms | 157
2024-03-10 08:32:09:807 | 5d85fd7e-f061-4eec-80ec-34fb5ab8eb5a | ::1 | - | - | PostmanRuntime/7.36.3 | GET | /generateIdCardsAsync | 200 | - | {"success":true,"message":"Pdf Generated Successfully","data":{"outputFilepath":"/Users/atulnt/Node/atul-assignment/service/../downloads/student_cards.pdf"}} | 35.193 ms | 157
2024-03-10 08:32:10:374 | e52f3fdd-77c2-42a0-b7e4-162faa8ebeae | ::1 | - | - | PostmanRuntime/7.36.3 | GET | /generateIdCardsAsync | 200 | - | {"success":true,"message":"Pdf Generated Successfully","data":{"outputFilepath":"/Users/atulnt/Node/atul-assignment/service/../downloads/student_cards.pdf"}} | 34.837 ms | 157
2024-03-10 08:32:10:919 | 80d698f3-b26c-45e3-817b-9fa341926c95 | ::1 | - | - | PostmanRuntime/7.36.3 | GET | /generateIdCardsAsync | 200 | - | {"success":true,"message":"Pdf Generated Successfully","data":{"outputFilepath":"/Users/atulnt/Node/atul-assignment/service/../downloads/student_cards.pdf"}} | 36.396 ms | 157
2024-03-10 08:32:11:550 | 37f54ee5-874e-45bc-8fd5-2127bf61c954 | ::1 | - | - | PostmanRuntime/7.36.3 | GET | /generateIdCardsAsync | 200 | - | {"success":true,"message":"Pdf Generated Successfully","data":{"outputFilepath":"/Users/atulnt/Node/atul-assignment/service/../downloads/student_cards.pdf"}} | 45.531 ms | 157
2024-03-10 08:32:11:984 | ae0ff1be-d3d1-4405-90de-5c2d0a8adc5a | ::1 | - | - | PostmanRuntime/7.36.3 | GET | /generateIdCardsAsync | 200 | - | {"success":true,"message":"Pdf Generated Successfully","data":{"outputFilepath":"/Users/atulnt/Node/atul-assignment/service/../downloads/student_cards.pdf"}} | 33.504 ms | 157
2024-03-10 08:32:12:298 | b3a55d74-1530-443a-b5f8-9f3d0ce21879 | ::1 | - | - | PostmanRuntime/7.36.3 | GET | /generateIdCardsAsync | 200 | - | {"success":true,"message":"Pdf Generated Successfully","data":{"outputFilepath":"/Users/atulnt/Node/atul-assignment/service/../downloads/student_cards.pdf"}} | 34.952 ms | 157
2024-03-10 08:32:12:636 | 27164c3e-4cee-492d-b8a0-74552ae218e0 | ::1 | - | - | PostmanRuntime/7.36.3 | GET | /generateIdCardsAsync | 200 | - | {"success":true,"message":"Pdf Generated Successfully","data":{"outputFilepath":"/Users/atulnt/Node/atul-assignment/service/../downloads/student_cards.pdf"}} | 35.455 ms | 157
2024-03-10 08:32:12:962 | 0f8acf56-a2ea-48e1-a8e5-f2381c0719a0 | ::1 | - | - | PostmanRuntime/7.36.3 | GET | /generateIdCardsAsync | 200 | - | {"success":true,"message":"Pdf Generated Successfully","data":{"outputFilepath":"/Users/atulnt/Node/atul-assignment/service/../downloads/student_cards.pdf"}} | 34.901 ms | 157
2024-03-10 08:32:13:543 | 095354cf-1a7b-49cf-97d0-2315a42db6fe | ::1 | - | - | PostmanRuntime/7.36.3 | GET | /generateIdCardsAsync | 200 | - | {"success":true,"message":"Pdf Generated Successfully","data":{"outputFilepath":"/Users/atulnt/Node/atul-assignment/service/../downloads/student_cards.pdf"}} | 36.261 ms | 157
2024-03-10 08:33:35:626 | 21bf22f2-426d-44bd-9f71-7ad89c769200 | ::1 | - | - | PostmanRuntime/7.36.3 | GET | /generateIdCardsAsync | 400 | - | {"success":false,"message":"Cannot destructure property 'statusCode' of '(intermediate value)' as it is undefined."} | 4105.926 ms | 116
2024-03-10 08:34:19:208 | 353b6ebe-1bee-4dcc-9e4b-63b7a4b90d7b | ::1 | - | - | PostmanRuntime/7.36.3 | GET | /generateIdCardsAsync | 200 | - | {"success":true,"message":"Pdf Generated Successfully","data":{"outputFilepath":"/Users/atulnt/Node/atul-assignment/service/../downloads/student_cards.pdf"}} | 2794.946 ms | 157
2024-03-10 08:34:25:339 | 88b619c4-46f6-4dbf-8dd6-62032a81e54c | ::1 | - | - | PostmanRuntime/7.36.3 | GET | /generateIdCardsAsync | 200 | - | {"success":true,"message":"Pdf Generated Successfully","data":{"outputFilepath":"/Users/atulnt/Node/atul-assignment/service/../downloads/student_cards.pdf"}} | 67.987 ms | 157
2024-03-10 08:34:26:791 | 395aaeda-5f86-4b2e-ab91-8c6f40862f15 | ::1 | - | - | PostmanRuntime/7.36.3 | GET | /generateIdCardsAsync | 200 | - | {"success":true,"message":"Pdf Generated Successfully","data":{"outputFilepath":"/Users/atulnt/Node/atul-assignment/service/../downloads/student_cards.pdf"}} | 54.999 ms | 157
2024-03-10 08:34:27:680 | 99c9e0ba-2013-45ab-8823-ea85a7e56c92 | ::1 | - | - | PostmanRuntime/7.36.3 | GET | /generateIdCardsAsync | 200 | - | {"success":true,"message":"Pdf Generated Successfully","data":{"outputFilepath":"/Users/atulnt/Node/atul-assignment/service/../downloads/student_cards.pdf"}} | 68.660 ms | 157
2024-03-10 08:34:28:248 | 8b28744c-45df-4a3a-bca6-451cd39f104a | ::1 | - | - | PostmanRuntime/7.36.3 | GET | /generateIdCardsAsync | 200 | - | {"success":true,"message":"Pdf Generated Successfully","data":{"outputFilepath":"/Users/atulnt/Node/atul-assignment/service/../downloads/student_cards.pdf"}} | 53.658 ms | 157
2024-03-10 08:34:28:754 | 39e2126b-f6fe-4ba9-b1c6-b970eb0bc2d6 | ::1 | - | - | PostmanRuntime/7.36.3 | GET | /generateIdCardsAsync | 200 | - | {"success":true,"message":"Pdf Generated Successfully","data":{"outputFilepath":"/Users/atulnt/Node/atul-assignment/service/../downloads/student_cards.pdf"}} | 65.494 ms | 157
2024-03-10 08:34:30:760 | 6e87ace5-60ec-41f9-8ffb-32a8e880db20 | ::1 | - | - | PostmanRuntime/7.36.3 | GET | /generateIdCardsAsync | 200 | - | {"success":true,"message":"Pdf Generated Successfully","data":{"outputFilepath":"/Users/atulnt/Node/atul-assignment/service/../downloads/student_cards.pdf"}} | 44.133 ms | 157
2024-03-10 08:34:31:461 | cb38ea4c-d22f-4e8e-ad16-7a8b4b91a2f5 | ::1 | - | - | PostmanRuntime/7.36.3 | GET | /generateIdCardsAsync | 200 | - | {"success":true,"message":"Pdf Generated Successfully","data":{"outputFilepath":"/Users/atulnt/Node/atul-assignment/service/../downloads/student_cards.pdf"}} | 46.055 ms | 157
2024-03-10 08:34:31:982 | ba8fb6a4-025d-4944-8dd3-0f2aea9bf82b | ::1 | - | - | PostmanRuntime/7.36.3 | GET | /generateIdCardsAsync | 200 | - | {"success":true,"message":"Pdf Generated Successfully","data":{"outputFilepath":"/Users/atulnt/Node/atul-assignment/service/../downloads/student_cards.pdf"}} | 39.964 ms | 157
2024-03-10 08:34:58:023 | c62ba84e-2b88-4f6f-8f2c-116e6ba60fd9 | ::1 | - | - | PostmanRuntime/7.36.3 | GET | /generateIdCardsAsync | 200 | - | {"success":true,"message":"Pdf Generated Successfully","data":{"outputFilepath":"/Users/atulnt/Node/atul-assignment/service/../downloads/student_cards.pdf"}} | 57.144 ms | 157
2024-03-10 08:34:58:624 | 582e1543-4f69-410f-9446-2e07967db7cd | ::1 | - | - | PostmanRuntime/7.36.3 | GET | /generateIdCardsAsync | 200 | - | {"success":true,"message":"Pdf Generated Successfully","data":{"outputFilepath":"/Users/atulnt/Node/atul-assignment/service/../downloads/student_cards.pdf"}} | 51.876 ms | 157
2024-03-10 08:34:59:160 | d4a614d2-decd-4de1-b8dc-306c80b7076b | ::1 | - | - | PostmanRuntime/7.36.3 | GET | /generateIdCardsAsync | 200 | - | {"success":true,"message":"Pdf Generated Successfully","data":{"outputFilepath":"/Users/atulnt/Node/atul-assignment/service/../downloads/student_cards.pdf"}} | 41.299 ms | 157
2024-03-10 08:34:59:597 | b8fc778a-d47a-48af-9e2a-43c4a87a9173 | ::1 | - | - | PostmanRuntime/7.36.3 | GET | /generateIdCardsAsync | 200 | - | {"success":true,"message":"Pdf Generated Successfully","data":{"outputFilepath":"/Users/atulnt/Node/atul-assignment/service/../downloads/student_cards.pdf"}} | 55.396 ms | 157
2024-03-10 08:35:00:227 | d53de923-7335-4487-9e22-42c1a1e87c1a | ::1 | - | - | PostmanRuntime/7.36.3 | GET | /generateIdCardsAsync | 200 | - | {"success":true,"message":"Pdf Generated Successfully","data":{"outputFilepath":"/Users/atulnt/Node/atul-assignment/service/../downloads/student_cards.pdf"}} | 39.360 ms | 157
2024-03-10 08:35:00:564 | 4146a2db-f2bb-4c58-baaa-f42ffc8cc719 | ::1 | - | - | PostmanRuntime/7.36.3 | GET | /generateIdCardsAsync | 200 | - | {"success":true,"message":"Pdf Generated Successfully","data":{"outputFilepath":"/Users/atulnt/Node/atul-assignment/service/../downloads/student_cards.pdf"}} | 52.290 ms | 157
2024-03-10 08:35:00:931 | 4cb19182-06d1-4580-8d35-d8c96a886d7a | ::1 | - | - | PostmanRuntime/7.36.3 | GET | /generateIdCardsAsync | 200 | - | {"success":true,"message":"Pdf Generated Successfully","data":{"outputFilepath":"/Users/atulnt/Node/atul-assignment/service/../downloads/student_cards.pdf"}} | 42.815 ms | 157
2024-03-10 08:35:02:472 | c674a8c8-4ddd-42bd-aee9-a67240f03b10 | ::1 | - | - | PostmanRuntime/7.36.3 | GET | /generateIdCardsAsync | 200 | - | {"success":true,"message":"Pdf Generated Successfully","data":{"outputFilepath":"/Users/atulnt/Node/atul-assignment/service/../downloads/student_cards.pdf"}} | 39.307 ms | 157
2024-03-10 08:35:03:052 | c7214067-22d3-4c42-a147-a705eb91f2c4 | ::1 | - | - | PostmanRuntime/7.36.3 | GET | /generateIdCardsAsync | 200 | - | {"success":true,"message":"Pdf Generated Successfully","data":{"outputFilepath":"/Users/atulnt/Node/atul-assignment/service/../downloads/student_cards.pdf"}} | 37.235 ms | 157
2024-03-10 08:35:04:669 | f23a6476-3fc7-4b8c-8b55-69f51399680a | ::1 | - | - | PostmanRuntime/7.36.3 | GET | /generateIdCardsAsync | 200 | - | {"success":true,"message":"Pdf Generated Successfully","data":{"outputFilepath":"/Users/atulnt/Node/atul-assignment/service/../downloads/student_cards.pdf"}} | 35.914 ms | 157
2024-03-10 08:35:05:161 | 29e90d2d-cf83-41d6-a10d-f083493d4752 | ::1 | - | - | PostmanRuntime/7.36.3 | GET | /generateIdCardsAsync | 200 | - | {"success":true,"message":"Pdf Generated Successfully","data":{"outputFilepath":"/Users/atulnt/Node/atul-assignment/service/../downloads/student_cards.pdf"}} | 37.199 ms | 157
2024-03-10 08:35:07:387 | 9c49f7e2-660e-4406-a378-fc26c038efc3 | ::1 | - | - | PostmanRuntime/7.36.3 | GET | /generateIdCardsSync | 200 | - | {"success":true,"message":"Pdf Generated Successfully","data":{"outputFilepath":"/Users/atulnt/Node/atul-assignment/service/../downloads/student_cards.pdf"}} | 48.759 ms | 157
2024-03-10 08:35:08:604 | ed52e453-cc43-4c81-9090-ee2e1fa237fc | ::1 | - | - | PostmanRuntime/7.36.3 | GET | /generateIdCardsSync | 200 | - | {"success":true,"message":"Pdf Generated Successfully","data":{"outputFilepath":"/Users/atulnt/Node/atul-assignment/service/../downloads/student_cards.pdf"}} | 37.094 ms | 157
2024-03-10 08:35:09:273 | 148f88e5-7a53-4e33-b53a-c1b54709b310 | ::1 | - | - | PostmanRuntime/7.36.3 | GET | /generateIdCardsSync | 200 | - | {"success":true,"message":"Pdf Generated Successfully","data":{"outputFilepath":"/Users/atulnt/Node/atul-assignment/service/../downloads/student_cards.pdf"}} | 35.953 ms | 157
2024-03-10 08:35:10:003 | 4cb9a2ab-d0da-4400-8d0c-86b8a190f18a | ::1 | - | - | PostmanRuntime/7.36.3 | GET | /generateIdCardsSync | 200 | - | {"success":true,"message":"Pdf Generated Successfully","data":{"outputFilepath":"/Users/atulnt/Node/atul-assignment/service/../downloads/student_cards.pdf"}} | 36.468 ms | 157
2024-03-10 08:35:10:343 | 0fd2dbea-d79e-4977-aee8-f9c92e31e67c | ::1 | - | - | PostmanRuntime/7.36.3 | GET | /generateIdCardsSync | 200 | - | {"success":true,"message":"Pdf Generated Successfully","data":{"outputFilepath":"/Users/atulnt/Node/atul-assignment/service/../downloads/student_cards.pdf"}} | 37.321 ms | 157
2024-03-10 08:35:10:678 | 0032f72d-f44a-40c1-8666-f4f4e2a484ed | ::1 | - | - | PostmanRuntime/7.36.3 | GET | /generateIdCardsSync | 200 | - | {"success":true,"message":"Pdf Generated Successfully","data":{"outputFilepath":"/Users/atulnt/Node/atul-assignment/service/../downloads/student_cards.pdf"}} | 51.453 ms | 157
2024-03-10 08:35:10:993 | 691f63a4-8830-4b10-a275-34047f3cd1b1 | ::1 | - | - | PostmanRuntime/7.36.3 | GET | /generateIdCardsSync | 200 | - | {"success":true,"message":"Pdf Generated Successfully","data":{"outputFilepath":"/Users/atulnt/Node/atul-assignment/service/../downloads/student_cards.pdf"}} | 38.081 ms | 157
2024-03-10 08:35:11:335 | 073bd11e-330f-4176-928d-4dbf60564f26 | ::1 | - | - | PostmanRuntime/7.36.3 | GET | /generateIdCardsSync | 200 | - | {"success":true,"message":"Pdf Generated Successfully","data":{"outputFilepath":"/Users/atulnt/Node/atul-assignment/service/../downloads/student_cards.pdf"}} | 38.514 ms | 157
2024-03-10 08:35:11:966 | 6945973c-a33e-42e4-9690-a4a3b932d9e0 | ::1 | - | - | PostmanRuntime/7.36.3 | GET | /generateIdCardsSync | 200 | - | {"success":true,"message":"Pdf Generated Successfully","data":{"outputFilepath":"/Users/atulnt/Node/atul-assignment/service/../downloads/student_cards.pdf"}} | 38.670 ms | 157
2024-03-10 08:35:12:349 | e5805307-5495-4437-a8f0-4a51d7baa114 | ::1 | - | - | PostmanRuntime/7.36.3 | GET | /generateIdCardsSync | 200 | - | {"success":true,"message":"Pdf Generated Successfully","data":{"outputFilepath":"/Users/atulnt/Node/atul-assignment/service/../downloads/student_cards.pdf"}} | 40.521 ms | 157
2024-03-10 08:35:12:699 | cd7b2c4b-0270-471f-a62a-ea6797d32498 | ::1 | - | - | PostmanRuntime/7.36.3 | GET | /generateIdCardsSync | 200 | - | {"success":true,"message":"Pdf Generated Successfully","data":{"outputFilepath":"/Users/atulnt/Node/atul-assignment/service/../downloads/student_cards.pdf"}} | 35.989 ms | 157
2024-03-10 08:35:13:067 | e2f59114-76ab-4c1d-a2af-260383ceab9d | ::1 | - | - | PostmanRuntime/7.36.3 | GET | /generateIdCardsSync | 200 | - | {"success":true,"message":"Pdf Generated Successfully","data":{"outputFilepath":"/Users/atulnt/Node/atul-assignment/service/../downloads/student_cards.pdf"}} | 36.445 ms | 157
2024-03-10 08:35:13:405 | 96051f52-489f-4986-b881-7419b8082dd4 | ::1 | - | - | PostmanRuntime/7.36.3 | GET | /generateIdCardsSync | 200 | - | {"success":true,"message":"Pdf Generated Successfully","data":{"outputFilepath":"/Users/atulnt/Node/atul-assignment/service/../downloads/student_cards.pdf"}} | 47.784 ms | 157
2024-03-10 08:35:13:766 | 83dc9a87-89d3-4af3-9744-c501fbe0e4b9 | ::1 | - | - | PostmanRuntime/7.36.3 | GET | /generateIdCardsSync | 200 | - | {"success":true,"message":"Pdf Generated Successfully","data":{"outputFilepath":"/Users/atulnt/Node/atul-assignment/service/../downloads/student_cards.pdf"}} | 33.792 ms | 157
2024-03-10 08:35:14:166 | d0322634-5115-4a45-8990-50d32a2ba21e | ::1 | - | - | PostmanRuntime/7.36.3 | GET | /generateIdCardsSync | 200 | - | {"success":true,"message":"Pdf Generated Successfully","data":{"outputFilepath":"/Users/atulnt/Node/atul-assignment/service/../downloads/student_cards.pdf"}} | 35.153 ms | 157
2024-03-10 08:35:14:548 | 4953d9ad-a6ff-42ad-81cc-eecdd6477afb | ::1 | - | - | PostmanRuntime/7.36.3 | GET | /generateIdCardsSync | 200 | - | {"success":true,"message":"Pdf Generated Successfully","data":{"outputFilepath":"/Users/atulnt/Node/atul-assignment/service/../downloads/student_cards.pdf"}} | 39.395 ms | 157
